[ 2017-10-23T15:56:27+08:00 ] ::1 /person/
INFO: [ app_init ] --START--
INFO: Run Behavior\BuildLiteBehavior [ RunTime:0.000148s ]
INFO: [ app_init ] --END-- [ RunTime:0.130710s ]
INFO: [ app_begin ] --START--
INFO: Run Behavior\ReadHtmlCacheBehavior [ RunTime:0.050038s ]
INFO: [ app_begin ] --END-- [ RunTime:0.050684s ]
SQL: SHOW COLUMNS FROM `tp_lunbo` [ RunTime:0.4230s ]
SQL: SELECT * FROM `tp_lunbo` ORDER BY id asc LIMIT 8   [ RunTime:0.0093s ]
SQL: SHOW COLUMNS FROM `tp_file` [ RunTime:0.0836s ]
SQL: SELECT * FROM `tp_file` WHERE ( status=1 ) ORDER BY id desc LIMIT 3   [ RunTime:0.0379s ]
SQL: SHOW COLUMNS FROM `tp_admin` [ RunTime:0.1087s ]
SQL: SELECT `name` FROM `tp_admin` WHERE ( id=1 ) LIMIT 1   [ RunTime:0.0016s ]
SQL: SELECT `name` FROM `tp_admin` WHERE ( id=1 ) LIMIT 1   [ RunTime:0.0129s ]
SQL: SHOW COLUMNS FROM `tp_img` [ RunTime:0.1868s ]
SQL: SELECT * FROM `tp_img` ORDER BY id desc  [ RunTime:0.0011s ]
SQL: SHOW COLUMNS FROM `tp_album` [ RunTime:0.1337s ]
SQL: SELECT `status` FROM `tp_album` WHERE ( id=5 ) ORDER BY id desc LIMIT 1   [ RunTime:0.0015s ]
SQL: SELECT `status` FROM `tp_album` WHERE ( id=5 ) ORDER BY id desc LIMIT 1   [ RunTime:0.0011s ]
SQL: SELECT `status` FROM `tp_album` WHERE ( id=5 ) ORDER BY id desc LIMIT 1   [ RunTime:0.0008s ]
SQL: SELECT `status` FROM `tp_album` WHERE ( id=1 ) ORDER BY id desc LIMIT 1   [ RunTime:0.0008s ]
SQL: SELECT `status` FROM `tp_album` WHERE ( id=5 ) ORDER BY id desc LIMIT 1   [ RunTime:0.0009s ]
SQL: SELECT `status` FROM `tp_album` WHERE ( id=9 ) ORDER BY id desc LIMIT 1   [ RunTime:0.0008s ]
SQL: SELECT `status` FROM `tp_album` WHERE ( id=5 ) ORDER BY id desc LIMIT 1   [ RunTime:0.0008s ]
SQL: SELECT `status` FROM `tp_album` WHERE ( id=8 ) ORDER BY id desc LIMIT 1   [ RunTime:0.0008s ]
SQL: SELECT `status` FROM `tp_album` WHERE ( id=1 ) ORDER BY id desc LIMIT 1   [ RunTime:0.0009s ]
SQL: SELECT `status` FROM `tp_album` WHERE ( id=1 ) ORDER BY id desc LIMIT 1   [ RunTime:0.0011s ]
SQL: SELECT `status` FROM `tp_album` WHERE ( id=1 ) ORDER BY id desc LIMIT 1   [ RunTime:0.0009s ]
SQL: SELECT `status` FROM `tp_album` WHERE ( id=8 ) ORDER BY id desc LIMIT 1   [ RunTime:0.0009s ]
SQL: SELECT `status` FROM `tp_album` WHERE ( id=8 ) ORDER BY id desc LIMIT 1   [ RunTime:0.0008s ]
SQL: SELECT `status` FROM `tp_album` WHERE ( id=8 ) ORDER BY id desc LIMIT 1   [ RunTime:0.0008s ]
SQL: SELECT `status` FROM `tp_album` WHERE ( id=8 ) ORDER BY id desc LIMIT 1   [ RunTime:0.0008s ]
SQL: SELECT `status` FROM `tp_album` WHERE ( id=8 ) ORDER BY id desc LIMIT 1   [ RunTime:0.0009s ]
SQL: SELECT `status` FROM `tp_album` WHERE ( id=8 ) ORDER BY id desc LIMIT 1   [ RunTime:0.0008s ]
SQL: SHOW COLUMNS FROM `tp_title` [ RunTime:0.1257s ]
SQL: SELECT `title` FROM `tp_title` WHERE `type` = 'top' LIMIT 1   [ RunTime:0.0011s ]
SQL: SHOW COLUMNS FROM `tp_footervideo` [ RunTime:0.1357s ]
SQL: SELECT * FROM `tp_footervideo` WHERE `type` = 'video'  [ RunTime:0.0013s ]
SQL: SHOW COLUMNS FROM `tp_filetype` [ RunTime:0.0685s ]
SQL: SELECT * FROM `tp_filetype`  [ RunTime:0.0008s ]
SQL: SHOW COLUMNS FROM `tp_imgtype` [ RunTime:0.1232s ]
SQL: SELECT * FROM `tp_imgtype`  [ RunTime:0.0011s ]
SQL: SHOW COLUMNS FROM `tp_videtype` [ RunTime:0.0990s ]
SQL: SELECT * FROM `tp_videtype`  [ RunTime:0.0009s ]
NOTIC: [2] Missing argument 1 for Think\Model::where(), called in G:\Code\person\Application\Home\Controller\BaseUserController.class.php on line 18 and defined G:\Code\person\ThinkPHP\Library\Think\Model.class.php 第 1797 行.
NOTIC: [8] Undefined variable: where G:\Code\person\ThinkPHP\Library\Think\Model.class.php 第 1805 行.
NOTIC: [8] Undefined variable: where G:\Code\person\ThinkPHP\Library\Think\Model.class.php 第 1808 行.
NOTIC: [8] Undefined variable: where G:\Code\person\ThinkPHP\Library\Think\Model.class.php 第 1816 行.
SQL: SELECT `title` FROM `tp_title` LIMIT 1   [ RunTime:0.0008s ]
SQL: SHOW COLUMNS FROM `tp_variable` [ RunTime:0.1948s ]
SQL: SELECT * FROM `tp_variable`  [ RunTime:0.0012s ]
SQL: SHOW COLUMNS FROM `tp_kprecord` [ RunTime:0.0859s ]
SQL: SELECT * FROM `tp_kprecord`  [ RunTime:0.0010s ]
NOTIC: [8] Undefined index: username G:\Code\person\Application\Home\Controller\BaseUserController.class.php 第 80 行.
ERR: 1146:Table 'person.tp_loginip' doesn't exist
 [ SQL语句 ] : SHOW COLUMNS FROM `tp_loginip`
ERR: 1146:Table 'person.tp_loginip' doesn't exist
 [ SQL语句 ] : SHOW COLUMNS FROM `tp_loginip`

[ 2017-10-23T16:00:31+08:00 ] ::1 /person/
INFO: [ app_init ] --START--
INFO: Run Behavior\BuildLiteBehavior [ RunTime:0.000055s ]
INFO: [ app_init ] --END-- [ RunTime:0.001342s ]
INFO: [ app_begin ] --START--
INFO: Run Behavior\ReadHtmlCacheBehavior [ RunTime:0.002731s ]
INFO: [ app_begin ] --END-- [ RunTime:0.003007s ]
SQL: SHOW COLUMNS FROM `tp_lunbo` [ RunTime:0.0155s ]
SQL: SELECT * FROM `tp_lunbo` ORDER BY id asc LIMIT 8   [ RunTime:0.0006s ]
SQL: SHOW COLUMNS FROM `tp_file` [ RunTime:0.0514s ]
SQL: SELECT * FROM `tp_file` WHERE ( status=1 ) ORDER BY id desc LIMIT 3   [ RunTime:0.0010s ]
SQL: SHOW COLUMNS FROM `tp_admin` [ RunTime:0.0163s ]
SQL: SELECT `name` FROM `tp_admin` WHERE ( id=1 ) LIMIT 1   [ RunTime:0.0010s ]
SQL: SELECT `name` FROM `tp_admin` WHERE ( id=1 ) LIMIT 1   [ RunTime:0.0008s ]
SQL: SELECT `name` FROM `tp_admin` WHERE ( id=1 ) LIMIT 1   [ RunTime:0.0005s ]
SQL: SHOW COLUMNS FROM `tp_img` [ RunTime:0.0201s ]
SQL: SELECT * FROM `tp_img` ORDER BY id desc  [ RunTime:0.0011s ]
SQL: SHOW COLUMNS FROM `tp_album` [ RunTime:0.0189s ]
SQL: SELECT `status` FROM `tp_album` WHERE ( id=19 ) ORDER BY id desc LIMIT 1   [ RunTime:0.0005s ]
SQL: SELECT `status` FROM `tp_album` WHERE ( id=19 ) ORDER BY id desc LIMIT 1   [ RunTime:0.0005s ]
SQL: SELECT `status` FROM `tp_album` WHERE ( id=19 ) ORDER BY id desc LIMIT 1   [ RunTime:0.0017s ]
SQL: SELECT `status` FROM `tp_album` WHERE ( id=19 ) ORDER BY id desc LIMIT 1   [ RunTime:0.0005s ]
SQL: SELECT `status` FROM `tp_album` WHERE ( id=19 ) ORDER BY id desc LIMIT 1   [ RunTime:0.0005s ]
SQL: SELECT `status` FROM `tp_album` WHERE ( id=19 ) ORDER BY id desc LIMIT 1   [ RunTime:0.0005s ]
SQL: SELECT `status` FROM `tp_album` WHERE ( id=19 ) ORDER BY id desc LIMIT 1   [ RunTime:0.0005s ]
SQL: SELECT `status` FROM `tp_album` WHERE ( id=19 ) ORDER BY id desc LIMIT 1   [ RunTime:0.0004s ]
SQL: SELECT `status` FROM `tp_album` WHERE ( id=19 ) ORDER BY id desc LIMIT 1   [ RunTime:0.0005s ]
SQL: SELECT `status` FROM `tp_album` WHERE ( id=18 ) ORDER BY id desc LIMIT 1   [ RunTime:0.0007s ]
SQL: SELECT `status` FROM `tp_album` WHERE ( id=18 ) ORDER BY id desc LIMIT 1   [ RunTime:0.0005s ]
SQL: SELECT `status` FROM `tp_album` WHERE ( id=18 ) ORDER BY id desc LIMIT 1   [ RunTime:0.0005s ]
SQL: SELECT `status` FROM `tp_album` WHERE ( id=18 ) ORDER BY id desc LIMIT 1   [ RunTime:0.0005s ]
SQL: SELECT `status` FROM `tp_album` WHERE ( id=18 ) ORDER BY id desc LIMIT 1   [ RunTime:0.0023s ]
SQL: SELECT `status` FROM `tp_album` WHERE ( id=18 ) ORDER BY id desc LIMIT 1   [ RunTime:0.0007s ]
SQL: SELECT `status` FROM `tp_album` WHERE ( id=18 ) ORDER BY id desc LIMIT 1   [ RunTime:0.0006s ]
SQL: SELECT `status` FROM `tp_album` WHERE ( id=18 ) ORDER BY id desc LIMIT 1   [ RunTime:0.0005s ]
SQL: SELECT `status` FROM `tp_album` WHERE ( id=18 ) ORDER BY id desc LIMIT 1   [ RunTime:0.0005s ]
SQL: SELECT `status` FROM `tp_album` WHERE ( id=11 ) ORDER BY id desc LIMIT 1   [ RunTime:0.0007s ]
SQL: SELECT `status` FROM `tp_album` WHERE ( id=16 ) ORDER BY id desc LIMIT 1   [ RunTime:0.0004s ]
SQL: SELECT `status` FROM `tp_album` WHERE ( id=16 ) ORDER BY id desc LIMIT 1   [ RunTime:0.0004s ]
SQL: SELECT `status` FROM `tp_album` WHERE ( id=16 ) ORDER BY id desc LIMIT 1   [ RunTime:0.0004s ]
SQL: SELECT `status` FROM `tp_album` WHERE ( id=16 ) ORDER BY id desc LIMIT 1   [ RunTime:0.0004s ]
SQL: SELECT `status` FROM `tp_album` WHERE ( id=17 ) ORDER BY id desc LIMIT 1   [ RunTime:0.0004s ]
SQL: SELECT `status` FROM `tp_album` WHERE ( id=17 ) ORDER BY id desc LIMIT 1   [ RunTime:0.0004s ]
SQL: SELECT `status` FROM `tp_album` WHERE ( id=17 ) ORDER BY id desc LIMIT 1   [ RunTime:0.0004s ]
SQL: SELECT `status` FROM `tp_album` WHERE ( id=17 ) ORDER BY id desc LIMIT 1   [ RunTime:0.0005s ]
SQL: SELECT `status` FROM `tp_album` WHERE ( id=17 ) ORDER BY id desc LIMIT 1   [ RunTime:0.0007s ]
SQL: SELECT `status` FROM `tp_album` WHERE ( id=17 ) ORDER BY id desc LIMIT 1   [ RunTime:0.0005s ]
SQL: SELECT `status` FROM `tp_album` WHERE ( id=17 ) ORDER BY id desc LIMIT 1   [ RunTime:0.0005s ]
SQL: SELECT `status` FROM `tp_album` WHERE ( id=17 ) ORDER BY id desc LIMIT 1   [ RunTime:0.0004s ]
SQL: SELECT `status` FROM `tp_album` WHERE ( id=16 ) ORDER BY id desc LIMIT 1   [ RunTime:0.0006s ]
SQL: SELECT `status` FROM `tp_album` WHERE ( id=16 ) ORDER BY id desc LIMIT 1   [ RunTime:0.0004s ]
SQL: SELECT `status` FROM `tp_album` WHERE ( id=16 ) ORDER BY id desc LIMIT 1   [ RunTime:0.0006s ]
SQL: SELECT `status` FROM `tp_album` WHERE ( id=16 ) ORDER BY id desc LIMIT 1   [ RunTime:0.0004s ]
SQL: SELECT `status` FROM `tp_album` WHERE ( id=16 ) ORDER BY id desc LIMIT 1   [ RunTime:0.0004s ]
SQL: SELECT `status` FROM `tp_album` WHERE ( id=16 ) ORDER BY id desc LIMIT 1   [ RunTime:0.0005s ]
SQL: SELECT `status` FROM `tp_album` WHERE ( id=16 ) ORDER BY id desc LIMIT 1   [ RunTime:0.0004s ]
SQL: SELECT `status` FROM `tp_album` WHERE ( id=16 ) ORDER BY id desc LIMIT 1   [ RunTime:0.0005s ]
SQL: SELECT `status` FROM `tp_album` WHERE ( id=11 ) ORDER BY id desc LIMIT 1   [ RunTime:0.0017s ]
SQL: SELECT `status` FROM `tp_album` WHERE ( id=15 ) ORDER BY id desc LIMIT 1   [ RunTime:0.0006s ]
SQL: SELECT `status` FROM `tp_album` WHERE ( id=15 ) ORDER BY id desc LIMIT 1   [ RunTime:0.0006s ]
SQL: SELECT `status` FROM `tp_album` WHERE ( id=15 ) ORDER BY id desc LIMIT 1   [ RunTime:0.0006s ]
SQL: SELECT `status` FROM `tp_album` WHERE ( id=15 ) ORDER BY id desc LIMIT 1   [ RunTime:0.0004s ]
SQL: SELECT `status` FROM `tp_album` WHERE ( id=15 ) ORDER BY id desc LIMIT 1   [ RunTime:0.0004s ]
SQL: SELECT `status` FROM `tp_album` WHERE ( id=15 ) ORDER BY id desc LIMIT 1   [ RunTime:0.0004s ]
SQL: SELECT `status` FROM `tp_album` WHERE ( id=15 ) ORDER BY id desc LIMIT 1   [ RunTime:0.0003s ]
SQL: SELECT `status` FROM `tp_album` WHERE ( id=15 ) ORDER BY id desc LIMIT 1   [ RunTime:0.0004s ]
SQL: SELECT `status` FROM `tp_album` WHERE ( id=15 ) ORDER BY id desc LIMIT 1   [ RunTime:0.0004s ]
SQL: SELECT `status` FROM `tp_album` WHERE ( id=15 ) ORDER BY id desc LIMIT 1   [ RunTime:0.0004s ]
SQL: SELECT `status` FROM `tp_album` WHERE ( id=15 ) ORDER BY id desc LIMIT 1   [ RunTime:0.0004s ]
SQL: SELECT `status` FROM `tp_album` WHERE ( id=15 ) ORDER BY id desc LIMIT 1   [ RunTime:0.0006s ]
SQL: SELECT `status` FROM `tp_album` WHERE ( id=15 ) ORDER BY id desc LIMIT 1   [ RunTime:0.0004s ]
SQL: SELECT `status` FROM `tp_album` WHERE ( id=15 ) ORDER BY id desc LIMIT 1   [ RunTime:0.0007s ]
SQL: SELECT `status` FROM `tp_album` WHERE ( id=14 ) ORDER BY id desc LIMIT 1   [ RunTime:0.0005s ]
SQL: SELECT `status` FROM `tp_album` WHERE ( id=14 ) ORDER BY id desc LIMIT 1   [ RunTime:0.0005s ]
SQL: SELECT `status` FROM `tp_album` WHERE ( id=11 ) ORDER BY id desc LIMIT 1   [ RunTime:0.0007s ]
SQL: SELECT `status` FROM `tp_album` WHERE ( id=10 ) ORDER BY id desc LIMIT 1   [ RunTime:0.0004s ]
SQL: SELECT `status` FROM `tp_album` WHERE ( id=10 ) ORDER BY id desc LIMIT 1   [ RunTime:0.0006s ]
SQL: SELECT `status` FROM `tp_album` WHERE ( id=10 ) ORDER BY id desc LIMIT 1   [ RunTime:0.0008s ]
SQL: SELECT `status` FROM `tp_album` WHERE ( id=10 ) ORDER BY id desc LIMIT 1   [ RunTime:0.0004s ]
SQL: SHOW COLUMNS FROM `tp_title` [ RunTime:0.0138s ]
SQL: SELECT `title` FROM `tp_title` WHERE `type` = 'top' LIMIT 1   [ RunTime:0.0004s ]
SQL: SHOW COLUMNS FROM `tp_footervideo` [ RunTime:0.0018s ]
SQL: SELECT * FROM `tp_footervideo` WHERE `type` = 'video'  [ RunTime:0.0005s ]
SQL: SHOW COLUMNS FROM `tp_filetype` [ RunTime:0.0110s ]
SQL: SELECT * FROM `tp_filetype`  [ RunTime:0.0009s ]
SQL: SHOW COLUMNS FROM `tp_imgtype` [ RunTime:0.0145s ]
SQL: SELECT * FROM `tp_imgtype`  [ RunTime:0.0006s ]
SQL: SHOW COLUMNS FROM `tp_videtype` [ RunTime:0.0142s ]
SQL: SELECT * FROM `tp_videtype`  [ RunTime:0.0004s ]
NOTIC: [2] Missing argument 1 for Think\Model::where(), called in G:\Code\person\Application\Home\Controller\BaseUserController.class.php on line 18 and defined G:\Code\person\ThinkPHP\Library\Think\Model.class.php 第 1797 行.
NOTIC: [8] Undefined variable: where G:\Code\person\ThinkPHP\Library\Think\Model.class.php 第 1805 行.
NOTIC: [8] Undefined variable: where G:\Code\person\ThinkPHP\Library\Think\Model.class.php 第 1808 行.
NOTIC: [8] Undefined variable: where G:\Code\person\ThinkPHP\Library\Think\Model.class.php 第 1816 行.
SQL: SELECT `title` FROM `tp_title` LIMIT 1   [ RunTime:0.0006s ]
SQL: SHOW COLUMNS FROM `tp_variable` [ RunTime:0.0019s ]
SQL: SELECT * FROM `tp_variable`  [ RunTime:0.0006s ]
SQL: SHOW COLUMNS FROM `tp_kprecord` [ RunTime:0.0029s ]
SQL: SELECT * FROM `tp_kprecord`  [ RunTime:0.0005s ]
NOTIC: [8] Undefined index: username G:\Code\person\Application\Home\Controller\BaseUserController.class.php 第 80 行.
SQL: SHOW COLUMNS FROM `tp_loginip` [ RunTime:0.0131s ]
SQL: INSERT INTO `tp_loginip` (`login_ip`,`login_city`,`login_user`,`operation_url`,`create_at`) VALUES ('0.0.0.0','','游客','http://localhost/person/','1508745631') [ RunTime:0.0364s ]
INFO: [ view_parse ] --START--
INFO: [ template_filter ] --START--
INFO: Run Behavior\ContentReplaceBehavior [ RunTime:0.000333s ]
INFO: [ template_filter ] --END-- [ RunTime:0.000622s ]
NOTIC: [8] Undefined index: username G:\Code\person\Application\Runtime\Cache\Home\2a94b8bda04ff446dcedd42276fc99ee.php 第 36 行.
NOTIC: [8] Use of undefined constant indextop - assumed 'indextop' G:\Code\person\Application\Runtime\Cache\Home\2a94b8bda04ff446dcedd42276fc99ee.php 第 90 行.
NOTIC: [8] Use of undefined constant indextop - assumed 'indextop' G:\Code\person\Application\Runtime\Cache\Home\2a94b8bda04ff446dcedd42276fc99ee.php 第 90 行.
NOTIC: [8] Use of undefined constant indextop - assumed 'indextop' G:\Code\person\Application\Runtime\Cache\Home\2a94b8bda04ff446dcedd42276fc99ee.php 第 90 行.
NOTIC: [8] Use of undefined constant indextop - assumed 'indextop' G:\Code\person\Application\Runtime\Cache\Home\2a94b8bda04ff446dcedd42276fc99ee.php 第 90 行.
NOTIC: [8] Use of undefined constant indextop - assumed 'indextop' G:\Code\person\Application\Runtime\Cache\Home\2a94b8bda04ff446dcedd42276fc99ee.php 第 90 行.
NOTIC: [8] Use of undefined constant indextop - assumed 'indextop' G:\Code\person\Application\Runtime\Cache\Home\2a94b8bda04ff446dcedd42276fc99ee.php 第 90 行.
NOTIC: [8] Use of undefined constant indextop - assumed 'indextop' G:\Code\person\Application\Runtime\Cache\Home\2a94b8bda04ff446dcedd42276fc99ee.php 第 90 行.
NOTIC: [8] Use of undefined constant indexbanner - assumed 'indexbanner' G:\Code\person\Application\Runtime\Cache\Home\2a94b8bda04ff446dcedd42276fc99ee.php 第 182 行.
NOTIC: [8] Use of undefined constant indexbanner - assumed 'indexbanner' G:\Code\person\Application\Runtime\Cache\Home\2a94b8bda04ff446dcedd42276fc99ee.php 第 182 行.
NOTIC: [8] Use of undefined constant indexbanner - assumed 'indexbanner' G:\Code\person\Application\Runtime\Cache\Home\2a94b8bda04ff446dcedd42276fc99ee.php 第 182 行.
NOTIC: [8] Use of undefined constant indexbanner - assumed 'indexbanner' G:\Code\person\Application\Runtime\Cache\Home\2a94b8bda04ff446dcedd42276fc99ee.php 第 182 行.
NOTIC: [8] Use of undefined constant indexbanner - assumed 'indexbanner' G:\Code\person\Application\Runtime\Cache\Home\2a94b8bda04ff446dcedd42276fc99ee.php 第 182 行.
NOTIC: [8] Use of undefined constant indexbanner - assumed 'indexbanner' G:\Code\person\Application\Runtime\Cache\Home\2a94b8bda04ff446dcedd42276fc99ee.php 第 182 行.
NOTIC: [8] Use of undefined constant indexbanner - assumed 'indexbanner' G:\Code\person\Application\Runtime\Cache\Home\2a94b8bda04ff446dcedd42276fc99ee.php 第 182 行.
NOTIC: [8] Use of undefined constant indexfooter - assumed 'indexfooter' G:\Code\person\Application\Runtime\Cache\Home\2a94b8bda04ff446dcedd42276fc99ee.php 第 240 行.
NOTIC: [8] Use of undefined constant indexfooter - assumed 'indexfooter' G:\Code\person\Application\Runtime\Cache\Home\2a94b8bda04ff446dcedd42276fc99ee.php 第 240 行.
NOTIC: [8] Use of undefined constant indexfooter - assumed 'indexfooter' G:\Code\person\Application\Runtime\Cache\Home\2a94b8bda04ff446dcedd42276fc99ee.php 第 240 行.
NOTIC: [8] Use of undefined constant indexfooter - assumed 'indexfooter' G:\Code\person\Application\Runtime\Cache\Home\2a94b8bda04ff446dcedd42276fc99ee.php 第 240 行.
NOTIC: [8] Use of undefined constant indexfooter - assumed 'indexfooter' G:\Code\person\Application\Runtime\Cache\Home\2a94b8bda04ff446dcedd42276fc99ee.php 第 240 行.
NOTIC: [8] Use of undefined constant indexfooter - assumed 'indexfooter' G:\Code\person\Application\Runtime\Cache\Home\2a94b8bda04ff446dcedd42276fc99ee.php 第 240 行.
NOTIC: [8] Use of undefined constant indexfooter - assumed 'indexfooter' G:\Code\person\Application\Runtime\Cache\Home\2a94b8bda04ff446dcedd42276fc99ee.php 第 240 行.
NOTIC: [8] Undefined index: username G:\Code\person\Application\Runtime\Cache\Home\2a94b8bda04ff446dcedd42276fc99ee.php 第 320 行.
INFO: Run Behavior\ParseTemplateBehavior [ RunTime:0.313110s ]
INFO: [ view_parse ] --END-- [ RunTime:0.313401s ]
INFO: [ view_filter ] --START--
INFO: Run Behavior\WriteHtmlCacheBehavior [ RunTime:0.011241s ]
INFO: [ view_filter ] --END-- [ RunTime:0.011507s ]
INFO: [ app_end ] --START--
INFO: Run Behavior\ShowPageTraceBehavior [ RunTime:0.146178s ]
INFO: [ app_end ] --END-- [ RunTime:0.146477s ]

